<?xml version="1.0" encoding="UTF-8"?>
<!-- Generated by org.testng.reporters.JUnitXMLReporter -->
<testsuite hostname="Thishs-MacBook-Pro-2.local" name="Command line test" tests="3" failures="2" timestamp="12 Feb 2018 18:40:32 GMT" time="15.223" errors="0">
  <testcase name="formSubmitTest" time="1.678" classname="com.form.test.testcases.FormPageTest">
    <failure type="org.testng.TestNGException" message="
The data provider is trying to pass 3 parameters but the method com.form.test.testcases.FormPageTest#formSubmitTest takes 0">
      <![CDATA[org.testng.TestNGException: 
The data provider is trying to pass 3 parameters but the method com.form.test.testcases.FormPageTest#formSubmitTest takes 0
	at org.apache.maven.surefire.testng.TestNGExecutor.run(TestNGExecutor.java:77)
	at org.apache.maven.surefire.testng.TestNGDirectoryTestSuite.execute(TestNGDirectoryTestSuite.java:110)
	at org.apache.maven.surefire.testng.TestNGProvider.invoke(TestNGProvider.java:106)
	at org.apache.maven.surefire.util.ReflectionUtils.invokeMethodWithArray(ReflectionUtils.java:189)
	at org.apache.maven.surefire.booter.ProviderFactory$ProviderProxy.invoke(ProviderFactory.java:165)
	at org.apache.maven.surefire.booter.ProviderFactory.invokeProvider(ProviderFactory.java:85)
	at org.apache.maven.surefire.booter.ForkedBooter.runSuitesInProcess(ForkedBooter.java:115)
	at org.apache.maven.surefire.booter.ForkedBooter.main(ForkedBooter.java:75)
... Removed 19 stack frames]]>
    </failure>
  </testcase> <!-- formSubmitTest -->
  <testcase name="formSubmitWrongFnameTest" time="2.6" classname="com.form.test.testcases.FormPageTest"/>
  <testcase name="negativeFormSubmitTest" time="0.094" classname="com.form.test.testcases.FormPageTest">
    <failure type="org.testng.TestNGException" message="
The data provider is trying to pass 3 parameters but the method com.form.test.testcases.FormPageTest#negativeFormSubmitTest takes 0">
      <![CDATA[org.testng.TestNGException: 
The data provider is trying to pass 3 parameters but the method com.form.test.testcases.FormPageTest#negativeFormSubmitTest takes 0
	at org.apache.maven.surefire.testng.TestNGExecutor.run(TestNGExecutor.java:77)
	at org.apache.maven.surefire.testng.TestNGDirectoryTestSuite.execute(TestNGDirectoryTestSuite.java:110)
	at org.apache.maven.surefire.testng.TestNGProvider.invoke(TestNGProvider.java:106)
	at org.apache.maven.surefire.util.ReflectionUtils.invokeMethodWithArray(ReflectionUtils.java:189)
	at org.apache.maven.surefire.booter.ProviderFactory$ProviderProxy.invoke(ProviderFactory.java:165)
	at org.apache.maven.surefire.booter.ProviderFactory.invokeProvider(ProviderFactory.java:85)
	at org.apache.maven.surefire.booter.ForkedBooter.runSuitesInProcess(ForkedBooter.java:115)
	at org.apache.maven.surefire.booter.ForkedBooter.main(ForkedBooter.java:75)
... Removed 19 stack frames]]>
    </failure>
  </testcase> <!-- negativeFormSubmitTest -->
</testsuite> <!-- Command line test -->
